execve("./server", ["./server"], [/* 21 vars */]) = 0
brk(NULL)                               = 0x18ec000
access("/etc/ld.so.preload", R_OK)      = -1 ENOENT (No such file or directory)
open("/etc/ld.so.cache", O_RDONLY|O_CLOEXEC) = 3
fstat(3, {st_mode=S_IFREG|0644, st_size=227512, ...}) = 0
mmap(NULL, 227512, PROT_READ, MAP_PRIVATE, 3, 0) = 0x7f2d3957a000
close(3)                                = 0
open("/usr/lib/libc.so.6", O_RDONLY|O_CLOEXEC) = 3
read(3, "\177ELF\2\1\1\3\0\0\0\0\0\0\0\0\3\0>\0\1\0\0\0`\10\2\0\0\0\0\0"..., 832) = 832
fstat(3, {st_mode=S_IFREG|0755, st_size=1960968, ...}) = 0
mmap(NULL, 4096, PROT_READ|PROT_WRITE, MAP_PRIVATE|MAP_ANONYMOUS, -1, 0) = 0x7f2d39579000
mmap(NULL, 3803440, PROT_READ|PROT_EXEC, MAP_PRIVATE|MAP_DENYWRITE, 3, 0) = 0x7f2d38fee000
mprotect(0x7f2d39185000, 2097152, PROT_NONE) = 0
mmap(0x7f2d39385000, 24576, PROT_READ|PROT_WRITE, MAP_PRIVATE|MAP_FIXED|MAP_DENYWRITE, 3, 0x197000) = 0x7f2d39385000
mmap(0x7f2d3938b000, 14640, PROT_READ|PROT_WRITE, MAP_PRIVATE|MAP_FIXED|MAP_ANONYMOUS, -1, 0) = 0x7f2d3938b000
close(3)                                = 0
mmap(NULL, 4096, PROT_READ|PROT_WRITE, MAP_PRIVATE|MAP_ANONYMOUS, -1, 0) = 0x7f2d39578000
mmap(NULL, 4096, PROT_READ|PROT_WRITE, MAP_PRIVATE|MAP_ANONYMOUS, -1, 0) = 0x7f2d39577000
arch_prctl(ARCH_SET_FS, 0x7f2d39578700) = 0
mprotect(0x7f2d39385000, 16384, PROT_READ) = 0
mprotect(0x7f2d395b2000, 4096, PROT_READ) = 0
munmap(0x7f2d3957a000, 227512)          = 0
socket(AF_INET, SOCK_STREAM, IPPROTO_TCP) = 3
bind(3, {sa_family=AF_INET, sin_port=htons(12345), sin_addr=inet_addr("0.0.0.0")}, 16) = 0
listen(3, 128)                          = 0
accept(3, strace: Process 11923 detached
 <detached ...>
