execve("./server", ["./server"], [/* 64 vars */]) = 0
brk(NULL)                               = 0x193a000
access("/etc/ld.so.preload", R_OK)      = -1 ENOENT (No such file or directory)
open("/home/dmitry/GNUstep/Library/Libraries/tls/x86_64/libc.so.6", O_RDONLY|O_CLOEXEC) = -1 ENOENT (No such file or directory)
stat("/home/dmitry/GNUstep/Library/Libraries/tls/x86_64", 0x7fffdfaf6e30) = -1 ENOENT (No such file or directory)
open("/home/dmitry/GNUstep/Library/Libraries/tls/libc.so.6", O_RDONLY|O_CLOEXEC) = -1 ENOENT (No such file or directory)
stat("/home/dmitry/GNUstep/Library/Libraries/tls", 0x7fffdfaf6e30) = -1 ENOENT (No such file or directory)
open("/home/dmitry/GNUstep/Library/Libraries/x86_64/libc.so.6", O_RDONLY|O_CLOEXEC) = -1 ENOENT (No such file or directory)
stat("/home/dmitry/GNUstep/Library/Libraries/x86_64", 0x7fffdfaf6e30) = -1 ENOENT (No such file or directory)
open("/home/dmitry/GNUstep/Library/Libraries/libc.so.6", O_RDONLY|O_CLOEXEC) = -1 ENOENT (No such file or directory)
stat("/home/dmitry/GNUstep/Library/Libraries", 0x7fffdfaf6e30) = -1 ENOENT (No such file or directory)
open("/usr/lib/tls/x86_64/libc.so.6", O_RDONLY|O_CLOEXEC) = -1 ENOENT (No such file or directory)
stat("/usr/lib/tls/x86_64", 0x7fffdfaf6e30) = -1 ENOENT (No such file or directory)
open("/usr/lib/tls/libc.so.6", O_RDONLY|O_CLOEXEC) = -1 ENOENT (No such file or directory)
stat("/usr/lib/tls", 0x7fffdfaf6e30)    = -1 ENOENT (No such file or directory)
open("/usr/lib/x86_64/libc.so.6", O_RDONLY|O_CLOEXEC) = -1 ENOENT (No such file or directory)
stat("/usr/lib/x86_64", 0x7fffdfaf6e30) = -1 ENOENT (No such file or directory)
open("/usr/lib/libc.so.6", O_RDONLY|O_CLOEXEC) = 3
read(3, "\177ELF\2\1\1\3\0\0\0\0\0\0\0\0\3\0>\0\1\0\0\0`\10\2\0\0\0\0\0"..., 832) = 832
fstat(3, {st_mode=S_IFREG|0755, st_size=1960968, ...}) = 0
mmap(NULL, 4096, PROT_READ|PROT_WRITE, MAP_PRIVATE|MAP_ANONYMOUS, -1, 0) = 0x7f736ad51000
mmap(NULL, 3803440, PROT_READ|PROT_EXEC, MAP_PRIVATE|MAP_DENYWRITE, 3, 0) = 0x7f736a78e000
mprotect(0x7f736a925000, 2097152, PROT_NONE) = 0
mmap(0x7f736ab25000, 24576, PROT_READ|PROT_WRITE, MAP_PRIVATE|MAP_FIXED|MAP_DENYWRITE, 3, 0x197000) = 0x7f736ab25000
mmap(0x7f736ab2b000, 14640, PROT_READ|PROT_WRITE, MAP_PRIVATE|MAP_FIXED|MAP_ANONYMOUS, -1, 0) = 0x7f736ab2b000
close(3)                                = 0
mmap(NULL, 4096, PROT_READ|PROT_WRITE, MAP_PRIVATE|MAP_ANONYMOUS, -1, 0) = 0x7f736ad50000
mmap(NULL, 4096, PROT_READ|PROT_WRITE, MAP_PRIVATE|MAP_ANONYMOUS, -1, 0) = 0x7f736ad4f000
arch_prctl(ARCH_SET_FS, 0x7f736ad50700) = 0
mprotect(0x7f736ab25000, 16384, PROT_READ) = 0
mprotect(0x7f736ad52000, 4096, PROT_READ) = 0
socket(AF_INET, SOCK_STREAM, IPPROTO_TCP) = 3
bind(3, {sa_family=AF_INET, sin_port=htons(12345), sin_addr=inet_addr("0.0.0.0")}, 16) = 0
listen(3, 128)                          = 0
exit_group(0)                           = ?
+++ exited with 0 +++
